<?xml version="1.0" encoding="UTF-8"?>
<testsuite xmlns:xsi="http://www.w3.org/2001/XMLSchema-instance" xsi:noNamespaceSchemaLocation="https://maven.apache.org/surefire/maven-surefire-plugin/xsd/surefire-test-report-3.0.xsd" version="3.0" name="TriangleFuzzTesterWrapperTest" time="0.126" tests="1" errors="0" skipped="0" failures="0">
  <properties>
[...]
</properties>
  <testcase name="runFuzzTests" classname="TriangleFuzzTesterWrapperTest" time="0.097">
    <system-out><![CDATA[Test 1: 6, 5, 9 -> triangle
Test 2: 9, 7, 2 -> non-triangle
Test 3: 7, 0, 0 -> non-triangle
Test 4: 3, 4, 0 -> non-triangle
Test 5: 9, 3, 1 -> non-triangle
Test 6: 7, 3, 9 -> triangle
Test 7: 0, 3, 9 -> non-triangle
Test 8: 0, 8, 1 -> non-triangle
Test 9: 9, 7, 5 -> triangle
Test 10: 1, 9, 2 -> non-triangle
Fuzz Testing Results:
Non-triangle: 7
Equilateral triangle: 0
Isosceles triangle: 0
Ordinary triangle: 3
Errors: 0
Total iterations: 10
Time taken: 29 ms
]]></system-out>
  </testcase>
</testsuite>