<?xml version="1.0" encoding="UTF-8"?>
<testsuite xmlns:xsi="http://www.w3.org/2001/XMLSchema-instance" xsi:noNamespaceSchemaLocation="https://maven.apache.org/surefire/maven-surefire-plugin/xsd/surefire-test-report-3.0.xsd" version="3.0" name="TriangleFuzzTesterWrapperTest" time="0.201" tests="1" errors="0" skipped="0" failures="0">
  <properties>
[...]
</properties>
  <testcase name="runFuzzTests" classname="TriangleFuzzTesterWrapperTest" time="0.158">
    <system-out><![CDATA[Test 1: 8, 3, 9 -> triangle
Test 2: 4, 6, 5 -> triangle
Test 3: 7, 3, 8 -> triangle
Test 4: 3, 2, 8 -> non-triangle
Test 5: 0, 4, 1 -> non-triangle
Test 6: 1, 8, 7 -> non-triangle
Test 7: 8, 1, 1 -> non-triangle
Test 8: 4, 5, 0 -> non-triangle
Test 9: 1, 6, 2 -> non-triangle
Test 10: 9, 9, 3 -> No output
Test 11: 8, 9, 3 -> triangle
Test 12: 9, 2, 5 -> non-triangle
Test 13: 5, 3, 8 -> non-triangle
Test 14: 3, 1, 8 -> non-triangle
Test 15: 3, 7, 0 -> non-triangle
Test 16: 5, 4, 3 -> triangle
Test 17: 0, 2, 1 -> non-triangle
Test 18: 9, 5, 2 -> non-triangle
Test 19: 5, 4, 8 -> triangle
Test 20: 4, 7, 1 -> non-triangle
Test 21: 2, 2, 8 -> non-triangle
Test 22: 5, 1, 9 -> non-triangle
Test 23: 4, 1, 8 -> non-triangle
Test 24: 3, 3, 2 -> No output
Test 25: 6, 9, 8 -> triangle
Test 26: 2, 3, 9 -> non-triangle
Test 27: 2, 6, 7 -> triangle
Test 28: 7, 4, 8 -> triangle
Test 29: 5, 4, 0 -> non-triangle
Test 30: 5, 2, 7 -> non-triangle
Test 31: 6, 2, 1 -> non-triangle
Test 32: 5, 2, 6 -> triangle
Test 33: 9, 5, 7 -> triangle
Test 34: 7, 9, 5 -> triangle
Test 35: 4, 6, 3 -> triangle
Test 36: 9, 1, 5 -> non-triangle
Test 37: 3, 5, 7 -> triangle
Test 38: 5, 8, 3 -> non-triangle
Test 39: 7, 1, 5 -> non-triangle
Test 40: 9, 2, 2 -> non-triangle
Test 41: 0, 7, 6 -> non-triangle
Test 42: 5, 3, 4 -> triangle
Test 43: 8, 3, 0 -> non-triangle
Test 44: 5, 7, 8 -> triangle
Test 45: 1, 0, 7 -> non-triangle
Test 46: 0, 3, 3 -> non-triangle
Test 47: 3, 5, 1 -> non-triangle
Test 48: 3, 4, 7 -> non-triangle
Test 49: 6, 2, 1 -> non-triangle
Test 50: 9, 4, 3 -> non-triangle
Test 51: 8, 4, 2 -> non-triangle
Test 52: 2, 9, 6 -> non-triangle
Test 53: 6, 3, 2 -> non-triangle
Test 54: 4, 4, 1 -> No output
Test 55: 1, 2, 3 -> non-triangle
Test 56: 1, 9, 9 -> isosceles triangle
Test 57: 3, 3, 8 -> non-triangle
Test 58: 6, 3, 6 -> isosceles triangle
Test 59: 6, 7, 0 -> non-triangle
Test 60: 7, 9, 4 -> triangle
Test 61: 3, 8, 9 -> triangle
Test 62: 7, 5, 2 -> non-triangle
Test 63: 7, 1, 5 -> non-triangle
Test 64: 9, 7, 0 -> non-triangle
Test 65: 8, 0, 4 -> non-triangle
Test 66: 5, 1, 2 -> non-triangle
Test 67: 3, 4, 7 -> non-triangle
Test 68: 8, 4, 4 -> non-triangle
Test 69: 4, 6, 3 -> triangle
Test 70: 5, 9, 0 -> non-triangle
Test 71: 5, 7, 4 -> triangle
Test 72: 3, 0, 0 -> non-triangle
Test 73: 5, 4, 2 -> triangle
Test 74: 4, 2, 4 -> isosceles triangle
Test 75: 2, 6, 7 -> triangle
Test 76: 8, 9, 9 -> isosceles triangle
Test 77: 3, 2, 8 -> non-triangle
Test 78: 0, 1, 3 -> non-triangle
Test 79: 8, 4, 2 -> non-triangle
Test 80: 9, 4, 5 -> non-triangle
Test 81: 0, 1, 3 -> non-triangle
Test 82: 5, 9, 1 -> non-triangle
Test 83: 3, 4, 3 -> isosceles triangle
Test 84: 6, 1, 6 -> isosceles triangle
Test 85: 4, 9, 3 -> non-triangle
Test 86: 4, 4, 1 -> No output
Test 87: 5, 2, 9 -> non-triangle
Test 88: 2, 8, 1 -> non-triangle
Test 89: 6, 2, 0 -> non-triangle
Test 90: 2, 4, 4 -> isosceles triangle
Test 91: 8, 0, 4 -> non-triangle
Test 92: 8, 7, 2 -> triangle
Test 93: 4, 2, 0 -> non-triangle
Test 94: 9, 1, 8 -> non-triangle
Test 95: 9, 6, 9 -> isosceles triangle
Test 96: 3, 8, 8 -> isosceles triangle
Test 97: 5, 8, 8 -> isosceles triangle
Test 98: 3, 5, 5 -> isosceles triangle
Test 99: 9, 6, 0 -> non-triangle
Test 100: 9, 2, 4 -> non-triangle
Test 101: 8, 9, 9 -> isosceles triangle
Test 102: 2, 2, 9 -> non-triangle
Test 103: 6, 8, 3 -> triangle
Test 104: 3, 3, 6 -> non-triangle
Test 105: 0, 4, 6 -> non-triangle
Test 106: 9, 5, 7 -> triangle
Test 107: 5, 7, 4 -> triangle
Test 108: 6, 4, 2 -> non-triangle
Test 109: 7, 0, 9 -> non-triangle
Test 110: 3, 5, 4 -> triangle
Test 111: 8, 1, 8 -> isosceles triangle
Test 112: 1, 5, 9 -> non-triangle
Test 113: 3, 9, 7 -> triangle
Test 114: 9, 6, 5 -> triangle
Test 115: 9, 2, 5 -> non-triangle
Test 116: 0, 4, 9 -> non-triangle
Test 117: 2, 6, 2 -> non-triangle
Test 118: 3, 4, 5 -> triangle
Test 119: 1, 8, 7 -> non-triangle
Test 120: 6, 8, 1 -> non-triangle
Test 121: 0, 9, 6 -> non-triangle
Test 122: 5, 4, 0 -> non-triangle
Test 123: 7, 9, 5 -> triangle
Test 124: 8, 6, 9 -> triangle
Test 125: 5, 5, 3 -> No output
Test 126: 3, 5, 5 -> isosceles triangle
Test 127: 8, 6, 9 -> triangle
Test 128: 5, 5, 6 -> No output
Test 129: 8, 0, 1 -> non-triangle
Test 130: 5, 7, 3 -> triangle
Test 131: 8, 1, 1 -> non-triangle
Test 132: 1, 0, 8 -> non-triangle
Test 133: 6, 7, 6 -> isosceles triangle
Test 134: 1, 7, 4 -> non-triangle
Test 135: 5, 1, 6 -> non-triangle
Test 136: 0, 4, 0 -> non-triangle
Test 137: 7, 1, 7 -> isosceles triangle
Test 138: 8, 5, 0 -> non-triangle
Test 139: 5, 6, 5 -> isosceles triangle
Test 140: 5, 1, 3 -> non-triangle
Test 141: 9, 2, 6 -> non-triangle
Test 142: 7, 5, 4 -> triangle
Test 143: 5, 0, 0 -> non-triangle
Test 144: 9, 4, 4 -> non-triangle
Test 145: 9, 5, 3 -> non-triangle
Test 146: 6, 5, 1 -> non-triangle
Test 147: 7, 8, 4 -> triangle
Test 148: 6, 9, 9 -> isosceles triangle
Test 149: 8, 6, 3 -> triangle
Test 150: 1, 0, 1 -> non-triangle
Test 151: 1, 3, 2 -> non-triangle
Test 152: 5, 6, 0 -> non-triangle
Test 153: 0, 8, 5 -> non-triangle
Test 154: 2, 0, 4 -> non-triangle
Test 155: 0, 9, 6 -> non-triangle
Test 156: 1, 5, 8 -> non-triangle
Test 157: 7, 1, 0 -> non-triangle
Test 158: 2, 1, 6 -> non-triangle
Test 159: 6, 4, 8 -> triangle
Test 160: 8, 1, 5 -> non-triangle
Test 161: 2, 2, 3 -> No output
Test 162: 7, 3, 6 -> triangle
Test 163: 3, 9, 5 -> non-triangle
Test 164: 5, 8, 2 -> non-triangle
Test 165: 8, 1, 7 -> non-triangle
Test 166: 2, 0, 1 -> non-triangle
Test 167: 9, 5, 1 -> non-triangle
Test 168: 4, 3, 8 -> non-triangle
Test 169: 9, 7, 0 -> non-triangle
Test 170: 9, 0, 8 -> non-triangle
Test 171: 5, 2, 4 -> triangle
Test 172: 3, 6, 3 -> non-triangle
Test 173: 0, 7, 2 -> non-triangle
Test 174: 3, 2, 6 -> non-triangle
Test 175: 0, 4, 2 -> non-triangle
Test 176: 9, 9, 0 -> non-triangle
Test 177: 2, 7, 5 -> non-triangle
Test 178: 3, 5, 5 -> isosceles triangle
Test 179: 2, 3, 1 -> non-triangle
Test 180: 4, 4, 6 -> No output
Test 181: 7, 2, 0 -> non-triangle
Test 182: 0, 4, 9 -> non-triangle
Test 183: 5, 1, 8 -> non-triangle
Test 184: 7, 5, 4 -> triangle
Test 185: 2, 1, 6 -> non-triangle
Test 186: 9, 0, 1 -> non-triangle
Test 187: 0, 2, 5 -> non-triangle
Test 188: 9, 3, 0 -> non-triangle
Test 189: 2, 9, 6 -> non-triangle
Test 190: 6, 9, 9 -> isosceles triangle
Test 191: 3, 0, 1 -> non-triangle
Test 192: 1, 7, 1 -> non-triangle
Test 193: 4, 6, 8 -> triangle
Test 194: 5, 2, 3 -> non-triangle
Test 195: 9, 5, 8 -> triangle
Test 196: 1, 5, 9 -> non-triangle
Test 197: 6, 0, 9 -> non-triangle
Test 198: 9, 6, 3 -> non-triangle
Test 199: 8, 5, 2 -> non-triangle
Test 200: 2, 6, 9 -> non-triangle
Test 201: 8, 9, 5 -> triangle
Test 202: 1, 5, 9 -> non-triangle
Test 203: 1, 9, 7 -> non-triangle
Test 204: 4, 3, 4 -> isosceles triangle
Test 205: 2, 6, 2 -> non-triangle
Test 206: 3, 1, 9 -> non-triangle
Test 207: 3, 4, 8 -> non-triangle
Test 208: 8, 3, 1 -> non-triangle
Test 209: 0, 7, 7 -> non-triangle
Test 210: 4, 5, 4 -> isosceles triangle
Test 211: 1, 5, 4 -> non-triangle
Test 212: 9, 4, 6 -> triangle
Test 213: 4, 3, 2 -> triangle
Test 214: 2, 7, 8 -> triangle
Test 215: 0, 1, 7 -> non-triangle
Test 216: 1, 4, 6 -> non-triangle
Test 217: 4, 3, 7 -> non-triangle
Test 218: 9, 9, 4 -> No output
Test 219: 6, 0, 4 -> non-triangle
Test 220: 3, 6, 8 -> triangle
Test 221: 2, 4, 9 -> non-triangle
Test 222: 5, 4, 6 -> triangle
Test 223: 9, 9, 4 -> No output
Test 224: 8, 2, 8 -> isosceles triangle
Test 225: 7, 9, 8 -> triangle
Test 226: 8, 9, 5 -> triangle
Test 227: 9, 3, 0 -> non-triangle
Test 228: 5, 7, 0 -> non-triangle
Test 229: 9, 0, 1 -> non-triangle
Test 230: 8, 3, 8 -> isosceles triangle
Test 231: 5, 9, 5 -> isosceles triangle
Test 232: 4, 2, 5 -> triangle
Test 233: 2, 6, 2 -> non-triangle
Test 234: 6, 6, 0 -> non-triangle
Test 235: 4, 1, 3 -> non-triangle
Test 236: 1, 2, 3 -> non-triangle
Test 237: 2, 9, 3 -> non-triangle
Test 238: 3, 2, 6 -> non-triangle
Test 239: 7, 7, 1 -> No output
Test 240: 6, 6, 9 -> No output
Test 241: 0, 4, 9 -> non-triangle
Test 242: 1, 3, 9 -> non-triangle
Test 243: 4, 4, 9 -> non-triangle
Test 244: 0, 9, 8 -> non-triangle
Test 245: 0, 8, 5 -> non-triangle
Test 246: 1, 8, 9 -> non-triangle
Test 247: 2, 6, 2 -> non-triangle
Test 248: 7, 0, 4 -> non-triangle
Test 249: 1, 2, 4 -> non-triangle
Test 250: 9, 6, 6 -> isosceles triangle
Test 251: 0, 9, 0 -> non-triangle
Test 252: 1, 8, 8 -> isosceles triangle
Test 253: 6, 0, 9 -> non-triangle
Test 254: 1, 9, 6 -> non-triangle
Test 255: 7, 7, 9 -> No output
Test 256: 9, 3, 1 -> non-triangle
Test 257: 0, 2, 3 -> non-triangle
Test 258: 9, 7, 8 -> triangle
Test 259: 7, 5, 8 -> triangle
Test 260: 5, 3, 6 -> triangle
Test 261: 6, 8, 6 -> isosceles triangle
Test 262: 0, 8, 5 -> non-triangle
Test 263: 2, 6, 0 -> non-triangle
Test 264: 3, 7, 4 -> non-triangle
Test 265: 0, 7, 3 -> non-triangle
Test 266: 7, 7, 0 -> non-triangle
Test 267: 5, 9, 8 -> triangle
Test 268: 6, 9, 9 -> isosceles triangle
Test 269: 1, 1, 1 -> equilateral triangle
--------Fuzz Testing Results:---------
Non-triangle: 170
Equilateral triangle: 1
Isosceles triangle: 29
Ordinary triangle: 56
Errors: 0
Total iterations: 268
Time taken: 33 ms
]]></system-out>
  </testcase>
</testsuite>