<?xml version="1.0" encoding="UTF-8"?>
<coverage generated="1717504590820" clover="4.4.1">
   <project name="triangleProgram 1.0-SNAPSHOT" timestamp="1717504587388">
      <metrics coveredelements="18" complexity="13" loc="25" methods="3" classes="2" statements="11" packages="1" coveredconditionals="8" coveredmethods="1" elements="22" ncloc="22" files="2" conditionals="8" coveredstatements="9"/>
      <package name="default-pkg">
         <metrics coveredelements="18" complexity="13" loc="25" methods="3" classes="2" statements="11" coveredconditionals="8" coveredmethods="1" elements="22" ncloc="22" files="2" conditionals="8" coveredstatements="9"/>
         <file path="C:\Manula\Academics\Master in Cyber Security\Sem 3\SENG6320 Software Verification and Validation\Assignment 2\Codebase\Fuzz_Testing_KWIC_Program\FuzzTesting_Group19\src\main\java\Main.java" name="Main.java">
            <metrics coveredelements="0" coveredconditionals="0" complexity="1" loc="5" coveredmethods="0" methods="1" elements="2" classes="1" ncloc="4" statements="1" conditionals="0" coveredstatements="0"/>
            <class name="Main">
               <metrics coveredelements="0" coveredconditionals="0" complexity="1" coveredmethods="0" methods="1" elements="2" statements="1" conditionals="0" coveredstatements="0"/>
            </class>
            <line complexity="1" visibility="public" signature="main(String[]) : void" num="2" count="0" type="method"/>
            <line num="3" count="0" type="stmt"/>
         </file>
         <file path="C:\Manula\Academics\Master in Cyber Security\Sem 3\SENG6320 Software Verification and Validation\Assignment 2\Codebase\Fuzz_Testing_KWIC_Program\FuzzTesting_Group19\src\main\java\TriangleProgram.java" name="TriangleProgram.java">
            <metrics coveredelements="18" coveredconditionals="8" complexity="12" loc="20" coveredmethods="1" methods="2" elements="20" classes="1" ncloc="18" statements="10" conditionals="8" coveredstatements="9"/>
            <class name="TriangleProgram">
               <metrics coveredelements="18" coveredconditionals="8" complexity="12" coveredmethods="1" methods="2" elements="20" statements="10" conditionals="8" coveredstatements="9"/>
            </class>
            <line complexity="11" visibility="public" signature="triangle(int,int,int) : String" num="3" count="269" type="method"/>
            <line num="4" count="269" type="stmt"/>
            <line falsecount="170" truecount="99" num="4" type="cond"/>
            <line num="5" count="99" type="stmt"/>
            <line falsecount="56" truecount="43" num="5" type="cond"/>
            <line num="6" count="43" type="stmt"/>
            <line falsecount="42" truecount="1" num="6" type="cond"/>
            <line num="7" count="1" type="stmt"/>
            <line num="8" count="42" type="stmt"/>
            <line falsecount="13" truecount="29" num="8" type="cond"/>
            <line num="9" count="29" type="stmt"/>
            <line num="11" count="56" type="stmt"/>
            <line num="13" count="170" type="stmt"/>
            <line num="14" count="13" type="stmt"/>
            <line complexity="1" visibility="public" signature="main(String[]) : void" num="16" count="0" type="method"/>
            <line num="17" count="0" type="stmt"/>
         </file>
      </package>
   </project>
   <testproject name="triangleProgram 1.0-SNAPSHOT" timestamp="1717504587388">
      <metrics coveredelements="48" complexity="72" loc="439" methods="16" classes="3" statements="246" packages="1" coveredconditionals="12" coveredmethods="2" elements="332" ncloc="379" files="3" conditionals="70" coveredstatements="34"/>
      <package name="default-pkg">
         <metrics coveredelements="48" complexity="72" loc="439" methods="16" classes="3" statements="246" coveredconditionals="12" coveredmethods="2" elements="332" ncloc="379" files="3" conditionals="70" coveredstatements="34"/>
         <file path="C:\Manula\Academics\Master in Cyber Security\Sem 3\SENG6320 Software Verification and Validation\Assignment 2\Codebase\Fuzz_Testing_KWIC_Program\FuzzTesting_Group19\src\test\java\FuzzTester.java" name="FuzzTester.java">
            <metrics coveredelements="0" coveredconditionals="0" complexity="60" loc="379" coveredmethods="0" methods="14" elements="281" classes="1" ncloc="330" statements="211" conditionals="56" coveredstatements="0"/>
            <class name="FuzzTester">
               <metrics coveredelements="0" coveredconditionals="0" complexity="60" coveredmethods="0" methods="14" elements="281" statements="211" conditionals="56" coveredstatements="0"/>
            </class>
            <line complexity="1" visibility="public" signature="FuzzTester()" num="23" count="0" type="method"/>
            <line num="24" count="0" type="stmt"/>
            <line num="25" count="0" type="stmt"/>
            <line num="26" count="0" type="stmt"/>
            <line num="27" count="0" type="stmt"/>
            <line complexity="1" visibility="private" signature="initComponents() : void" num="30" count="0" type="method"/>
            <line num="31" count="0" type="stmt"/>
            <line num="32" count="0" type="stmt"/>
            <line num="35" count="0" type="stmt"/>
            <line num="36" count="0" type="stmt"/>
            <line num="37" count="0" type="stmt"/>
            <line num="39" count="0" type="stmt"/>
            <line num="50" count="0" type="stmt"/>
            <line num="52" count="0" type="stmt"/>
            <line num="53" count="0" type="stmt"/>
            <line num="54" count="0" type="stmt"/>
            <line num="55" count="0" type="stmt"/>
            <line num="56" count="0" type="stmt"/>
            <line num="57" count="0" type="stmt"/>
            <line num="58" count="0" type="stmt"/>
            <line num="60" count="0" type="stmt"/>
            <line num="61" count="0" type="stmt"/>
            <line num="62" count="0" type="stmt"/>
            <line num="63" count="0" type="stmt"/>
            <line num="64" count="0" type="stmt"/>
            <line num="65" count="0" type="stmt"/>
            <line num="67" count="0" type="stmt"/>
            <line num="68" count="0" type="stmt"/>
            <line num="70" count="0" type="stmt"/>
            <line num="71" count="0" type="stmt"/>
            <line num="72" count="0" type="stmt"/>
            <line num="73" count="0" type="stmt"/>
            <line num="74" count="0" type="stmt"/>
            <line num="77" count="0" type="stmt"/>
            <line num="78" count="0" type="stmt"/>
            <line num="79" count="0" type="stmt"/>
            <line num="80" count="0" type="stmt"/>
            <line num="82" count="0" type="stmt"/>
            <line num="83" count="0" type="stmt"/>
            <line num="85" count="0" type="stmt"/>
            <line num="88" count="0" type="stmt"/>
            <line complexity="1" visibility="public" signature="actionPerformed(ActionEvent) : void" num="89" count="0" type="method"/>
            <line num="91" count="0" type="stmt"/>
            <line num="95" count="0" type="stmt"/>
            <line complexity="1" visibility="public" signature="actionPerformed(ActionEvent) : void" num="96" count="0" type="method"/>
            <line num="98" count="0" type="stmt"/>
            <line num="99" count="0" type="stmt"/>
            <line num="100" count="0" type="stmt"/>
            <line num="104" count="0" type="stmt"/>
            <line complexity="1" visibility="public" signature="actionPerformed(ActionEvent) : void" num="105" count="0" type="method"/>
            <line num="107" count="0" type="stmt"/>
            <line num="111" count="0" type="stmt"/>
            <line complexity="1" visibility="public" signature="actionPerformed(ActionEvent) : void" num="112" count="0" type="method"/>
            <line num="114" count="0" type="stmt"/>
            <line complexity="4" visibility="private" signature="startFuzzTesting() : void" num="119" count="0" type="method"/>
            <line num="120" count="0" type="stmt"/>
            <line num="121" count="0" type="stmt"/>
            <line num="122" count="0" type="stmt"/>
            <line num="123" count="0" type="stmt"/>
            <line falsecount="0" truecount="0" num="123" type="cond"/>
            <line num="124" count="0" type="stmt"/>
            <line num="127" count="0" type="stmt"/>
            <line num="128" count="0" type="stmt"/>
            <line num="131" count="0" type="stmt"/>
            <line complexity="9" visibility="private" signature="performFuzzTesting(int) : void" num="134" count="0" type="method"/>
            <line num="135" count="0" type="stmt"/>
            <line num="137" count="0" type="stmt"/>
            <line num="138" count="0" type="stmt"/>
            <line falsecount="0" truecount="0" num="138" type="cond"/>
            <line num="139" count="0" type="stmt"/>
            <line falsecount="0" truecount="0" num="139" type="cond"/>
            <line num="140" count="0" type="stmt"/>
            <line num="143" count="0" type="stmt"/>
            <line num="146" count="0" type="stmt"/>
            <line num="147" count="0" type="stmt"/>
            <line num="148" count="0" type="stmt"/>
            <line falsecount="0" truecount="0" num="148" type="cond"/>
            <line num="149" count="0" type="stmt"/>
            <line num="151" count="0" type="stmt"/>
            <line num="153" count="0" type="stmt"/>
            <line num="154" count="0" type="stmt"/>
            <line num="157" count="0" type="stmt"/>
            <line num="158" count="0" type="stmt"/>
            <line num="159" count="0" type="stmt"/>
            <line num="161" count="0" type="stmt"/>
            <line num="162" count="0" type="stmt"/>
            <line num="163" count="0" type="stmt"/>
            <line num="165" count="0" type="stmt"/>
            <line num="166" count="0" type="stmt"/>
            <line falsecount="0" truecount="0" num="166" type="cond"/>
            <line num="167" count="0" type="stmt"/>
            <line num="168" count="0" type="stmt"/>
            <line num="171" count="0" type="stmt"/>
            <line num="172" count="0" type="stmt"/>
            <line num="173" count="0" type="stmt"/>
            <line num="174" count="0" type="stmt"/>
            <line falsecount="0" truecount="0" num="174" type="cond"/>
            <line num="175" count="0" type="stmt"/>
            <line num="178" count="0" type="stmt"/>
            <line num="179" count="0" type="stmt"/>
            <line falsecount="0" truecount="0" num="179" type="cond"/>
            <line num="180" count="0" type="stmt"/>
            <line num="181" count="0" type="stmt"/>
            <line falsecount="0" truecount="0" num="181" type="cond"/>
            <line num="182" count="0" type="stmt"/>
            <line num="188" count="0" type="stmt"/>
            <line num="191" count="0" type="stmt"/>
            <line num="195" count="0" type="stmt"/>
            <line complexity="7" visibility="private" signature="generateRandomData() : void" num="198" count="0" type="method"/>
            <line num="199" count="0" type="stmt"/>
            <line num="200" count="0" type="stmt"/>
            <line num="201" count="0" type="stmt"/>
            <line num="202" count="0" type="stmt"/>
            <line num="204" count="0" type="stmt"/>
            <line num="207" count="0" type="stmt"/>
            <line num="208" count="0" type="stmt"/>
            <line num="208" count="0" type="stmt"/>
            <line num="209" count="0" type="stmt"/>
            <line falsecount="0" truecount="0" num="209" type="cond"/>
            <line num="210" count="0" type="stmt"/>
            <line num="211" count="0" type="stmt"/>
            <line num="212" count="0" type="stmt"/>
            <line falsecount="0" truecount="0" num="212" type="cond"/>
            <line num="213" count="0" type="stmt"/>
            <line num="214" count="0" type="stmt"/>
            <line num="216" count="0" type="stmt"/>
            <line num="217" count="0" type="stmt"/>
            <line num="220" count="0" type="stmt"/>
            <line num="222" count="0" type="stmt"/>
            <line complexity="8" visibility="private" signature="performFuzzTestingWithRandomData() : void" num="225" count="0" type="method"/>
            <line num="226" count="0" type="stmt"/>
            <line num="227" count="0" type="stmt"/>
            <line num="227" count="0" type="stmt"/>
            <line num="228" count="0" type="stmt"/>
            <line num="229" count="0" type="stmt"/>
            <line falsecount="0" truecount="0" num="229" type="cond"/>
            <line num="230" count="0" type="stmt"/>
            <line num="232" count="0" type="stmt"/>
            <line num="235" count="0" type="stmt"/>
            <line num="236" count="0" type="stmt"/>
            <line num="237" count="0" type="stmt"/>
            <line num="239" count="0" type="stmt"/>
            <line num="240" count="0" type="stmt"/>
            <line num="241" count="0" type="stmt"/>
            <line num="243" count="0" type="stmt"/>
            <line num="244" count="0" type="stmt"/>
            <line falsecount="0" truecount="0" num="244" type="cond"/>
            <line num="245" count="0" type="stmt"/>
            <line num="246" count="0" type="stmt"/>
            <line num="249" count="0" type="stmt"/>
            <line num="250" count="0" type="stmt"/>
            <line num="251" count="0" type="stmt"/>
            <line num="252" count="0" type="stmt"/>
            <line falsecount="0" truecount="0" num="252" type="cond"/>
            <line num="253" count="0" type="stmt"/>
            <line num="256" count="0" type="stmt"/>
            <line num="257" count="0" type="stmt"/>
            <line falsecount="0" truecount="0" num="257" type="cond"/>
            <line num="258" count="0" type="stmt"/>
            <line num="262" count="0" type="stmt"/>
            <line num="265" count="0" type="stmt"/>
            <line complexity="1" visibility="private" signature="updateResultArea(String) : void" num="269" count="0" type="method"/>
            <line num="270" count="0" type="stmt"/>
            <line complexity="23" visibility="private" signature="generateTestCaseTitles(int) : List&lt;String&gt;" num="273" count="0" type="method"/>
            <line num="274" count="0" type="stmt"/>
            <line num="275" count="0" type="stmt"/>
            <line num="276" count="0" type="stmt"/>
            <line num="278" count="0" type="stmt"/>
            <line falsecount="0" truecount="0" num="278" type="cond"/>
            <line num="280" count="0" type="stmt"/>
            <line num="283" count="0" type="stmt"/>
            <line falsecount="0" truecount="0" num="283" type="cond"/>
            <line num="284" count="0" type="stmt"/>
            <line num="285" count="0" type="stmt"/>
            <line num="286" count="0" type="stmt"/>
            <line num="287" count="0" type="stmt"/>
            <line num="288" count="0" type="stmt"/>
            <line falsecount="0" truecount="0" num="288" type="cond"/>
            <line num="289" count="0" type="stmt"/>
            <line num="290" count="0" type="stmt"/>
            <line num="292" count="0" type="stmt"/>
            <line num="293" count="0" type="stmt"/>
            <line num="294" count="0" type="stmt"/>
            <line falsecount="0" truecount="0" num="294" type="cond"/>
            <line num="295" count="0" type="stmt"/>
            <line num="296" count="0" type="stmt"/>
            <line num="298" count="0" type="stmt"/>
            <line num="299" count="0" type="stmt"/>
            <line num="300" count="0" type="stmt"/>
            <line falsecount="0" truecount="0" num="300" type="cond"/>
            <line num="301" count="0" type="stmt"/>
            <line num="302" count="0" type="stmt"/>
            <line num="304" count="0" type="stmt"/>
            <line num="305" count="0" type="stmt"/>
            <line num="306" count="0" type="stmt"/>
            <line falsecount="0" truecount="0" num="306" type="cond"/>
            <line num="307" count="0" type="stmt"/>
            <line num="308" count="0" type="stmt"/>
            <line falsecount="0" truecount="0" num="308" type="cond"/>
            <line num="309" count="0" type="stmt"/>
            <line num="311" count="0" type="stmt"/>
            <line num="313" count="0" type="stmt"/>
            <line num="315" count="0" type="stmt"/>
            <line num="316" count="0" type="stmt"/>
            <line num="317" count="0" type="stmt"/>
            <line falsecount="0" truecount="0" num="317" type="cond"/>
            <line num="318" count="0" type="stmt"/>
            <line num="319" count="0" type="stmt"/>
            <line falsecount="0" truecount="0" num="319" type="cond"/>
            <line num="320" count="0" type="stmt"/>
            <line num="322" count="0" type="stmt"/>
            <line num="324" count="0" type="stmt"/>
            <line num="326" count="0" type="stmt"/>
            <line num="327" count="0" type="stmt"/>
            <line num="328" count="0" type="stmt"/>
            <line falsecount="0" truecount="0" num="328" type="cond"/>
            <line num="329" count="0" type="stmt"/>
            <line num="330" count="0" type="stmt"/>
            <line falsecount="0" truecount="0" num="330" type="cond"/>
            <line num="331" count="0" type="stmt"/>
            <line num="333" count="0" type="stmt"/>
            <line num="335" count="0" type="stmt"/>
            <line num="337" count="0" type="stmt"/>
            <line num="338" count="0" type="stmt"/>
            <line num="339" count="0" type="stmt"/>
            <line falsecount="0" truecount="0" num="339" type="cond"/>
            <line num="340" count="0" type="stmt"/>
            <line num="341" count="0" type="stmt"/>
            <line falsecount="0" truecount="0" num="341" type="cond"/>
            <line num="342" count="0" type="stmt"/>
            <line num="343" count="0" type="stmt"/>
            <line falsecount="0" truecount="0" num="343" type="cond"/>
            <line num="344" count="0" type="stmt"/>
            <line num="346" count="0" type="stmt"/>
            <line num="348" count="0" type="stmt"/>
            <line num="350" count="0" type="stmt"/>
            <line num="351" count="0" type="stmt"/>
            <line num="352" count="0" type="stmt"/>
            <line num="353" count="0" type="stmt"/>
            <line num="354" count="0" type="stmt"/>
            <line num="355" count="0" type="stmt"/>
            <line num="359" count="0" type="stmt"/>
            <line num="361" count="0" type="stmt"/>
            <line complexity="1" visibility="private" signature="writeInputFile(List&lt;String&gt;) : void" num="364" count="0" type="method"/>
            <line num="365" count="0" type="stmt"/>
            <line num="366" count="0" type="stmt"/>
            <line num="367" count="0" type="stmt"/>
            <line num="368" count="0" type="stmt"/>
            <line num="370" count="0" type="stmt"/>
            <line complexity="1" visibility="public" signature="main(String[]) : void" num="373" count="0" type="method"/>
            <line num="374" count="0" type="stmt"/>
            <line num="375" count="0" type="stmt"/>
            <line num="376" count="0" type="stmt"/>
         </file>
         <file path="C:\Manula\Academics\Master in Cyber Security\Sem 3\SENG6320 Software Verification and Validation\Assignment 2\Codebase\Fuzz_Testing_KWIC_Program\FuzzTesting_Group19\src\test\java\TriangleFuzzTest.java" name="TriangleFuzzTest.java">
            <metrics coveredelements="46" coveredconditionals="12" complexity="11" loc="51" coveredmethods="1" methods="1" elements="49" classes="1" ncloc="42" statements="34" conditionals="14" coveredstatements="33"/>
            <class name="TriangleFuzzTest">
               <metrics coveredelements="46" coveredconditionals="12" complexity="11" coveredmethods="1" methods="1" elements="49" statements="34" conditionals="14" coveredstatements="33"/>
            </class>
            <line complexity="11" visibility="public" signature="main(String[]) : void" num="5" count="1" type="method"/>
            <line num="6" count="1" type="stmt"/>
            <line num="7" count="1" type="stmt"/>
            <line num="8" count="1" type="stmt"/>
            <line num="9" count="1" type="stmt"/>
            <line num="11" count="1" type="stmt"/>
            <line num="12" count="1" type="stmt"/>
            <line num="13" count="1" type="stmt"/>
            <line falsecount="0" truecount="269" num="13" type="cond"/>
            <line num="14" count="269" type="stmt"/>
            <line num="15" count="269" type="stmt"/>
            <line num="16" count="269" type="stmt"/>
            <line num="18" count="269" type="stmt"/>
            <line num="19" count="269" type="stmt"/>
            <line num="21" count="269" type="stmt"/>
            <line falsecount="99" truecount="170" num="21" type="cond"/>
            <line num="22" count="170" type="stmt"/>
            <line num="23" count="99" type="stmt"/>
            <line falsecount="98" truecount="1" num="23" type="cond"/>
            <line num="24" count="1" type="stmt"/>
            <line num="25" count="98" type="stmt"/>
            <line falsecount="69" truecount="29" num="25" type="cond"/>
            <line num="26" count="29" type="stmt"/>
            <line num="27" count="69" type="stmt"/>
            <line falsecount="13" truecount="56" num="27" type="cond"/>
            <line num="28" count="56" type="stmt"/>
            <line num="29" count="13" type="stmt"/>
            <line falsecount="13" truecount="0" num="29" type="cond"/>
            <line num="30" count="0" type="stmt"/>
            <line num="33" count="269" type="stmt"/>
            <line falsecount="268" truecount="1" num="33" type="cond"/>
            <line num="34" count="1" type="stmt"/>
            <line num="37" count="1" type="stmt"/>
            <line num="38" count="1" type="stmt"/>
            <line num="41" count="1" type="stmt"/>
            <line num="42" count="1" type="stmt"/>
            <line num="43" count="1" type="stmt"/>
            <line num="44" count="1" type="stmt"/>
            <line num="45" count="1" type="stmt"/>
            <line num="46" count="1" type="stmt"/>
            <line num="47" count="1" type="stmt"/>
            <line num="48" count="1" type="stmt"/>
         </file>
         <file path="C:\Manula\Academics\Master in Cyber Security\Sem 3\SENG6320 Software Verification and Validation\Assignment 2\Codebase\Fuzz_Testing_KWIC_Program\FuzzTesting_Group19\src\test\java\TriangleFuzzTesterWrapperTest.java" name="TriangleFuzzTesterWrapperTest.java">
            <metrics coveredelements="2" coveredconditionals="0" complexity="1" loc="9" coveredmethods="1" methods="1" elements="2" classes="1" ncloc="7" statements="1" conditionals="0" coveredstatements="1"/>
            <class name="TriangleFuzzTesterWrapperTest">
               <metrics coveredelements="2" complexity="1" methods="1" testruns="1" statements="1" coveredconditionals="0" coveredmethods="1" elements="2" testfailures="0" testduration="0.057" conditionals="0" coveredstatements="1" testpasses="1"/>
            </class>
            <line complexity="1" visibility="public" signature="runFuzzTests() : void" num="5" testsuccess="true" count="1" testduration="0.057" type="method"/>
            <line num="7" count="1" type="stmt"/>
         </file>
      </package>
   </testproject>
</coverage>